[17-Sep-2018 23:27:34 UTC] PHP Parse error:  syntax error, unexpected '{' in /home/ubuntu/workspace/module03/test.php on line 73
[17-Sep-2018 23:33:54 UTC] PHP Parse error:  syntax error, unexpected end of file in /home/ubuntu/workspace/module03/test.php on line 87
[18-Sep-2018 00:21:24 UTC] PHP Parse error:  syntax error, unexpected end of file in /home/ubuntu/workspace/module03/test.php on line 91
[23-Sep-2018 23:12:19 UTC] PHP Parse error:  syntax error, unexpected '}', expecting ',' or ';' in /home/ubuntu/workspace/module04/Authentication.php on line 61
[23-Sep-2018 23:13:28 UTC] PHP Parse error:  syntax error, unexpected '}' in /home/ubuntu/workspace/module04/Authentication.php on line 94
[22-Oct-2018 02:33:24 UTC] PHP Parse error:  syntax error, unexpected '>' in /home/ubuntu/workspace/module07/php_and_mySQL.php on line 39
[22-Oct-2018 02:46:28 UTC] PHP Fatal error:  Call to a member function execute() on a non-object in /home/ubuntu/workspace/module07/php_and_mySQL.php on line 49
[22-Oct-2018 02:46:28 UTC] PHP Stack trace:
[22-Oct-2018 02:46:28 UTC] PHP   1. {main}() /home/ubuntu/workspace/module07/php_and_mySQL.php:0
[22-Oct-2018 02:49:27 UTC] PHP Fatal error:  Call to a member function execute() on a non-object in /home/ubuntu/workspace/module07/php_and_mySQL.php on line 49
[22-Oct-2018 02:49:27 UTC] PHP Stack trace:
[22-Oct-2018 02:49:27 UTC] PHP   1. {main}() /home/ubuntu/workspace/module07/php_and_mySQL.php:0
[31-Oct-2018 04:04:02 UTC] PHP Warning:  include(sql-open.inc.php): failed to open stream: No such file or directory in /home/ubuntu/workspace/module08/logout.php on line 2
[31-Oct-2018 04:04:02 UTC] PHP Stack trace:
[31-Oct-2018 04:04:02 UTC] PHP   1. {main}() /home/ubuntu/workspace/module08/logout.php:0
[31-Oct-2018 04:04:02 UTC] PHP Warning:  include(): Failed opening 'sql-open.inc.php' for inclusion (include_path='.:/usr/share/php:/usr/share/pear') in /home/ubuntu/workspace/module08/logout.php on line 2
[31-Oct-2018 04:04:02 UTC] PHP Stack trace:
[31-Oct-2018 04:04:02 UTC] PHP   1. {main}() /home/ubuntu/workspace/module08/logout.php:0
[31-Oct-2018 04:04:02 UTC] PHP Warning:  session_destroy(): Trying to destroy uninitialized session in /home/ubuntu/workspace/module08/logout.php on line 4
[31-Oct-2018 04:04:02 UTC] PHP Stack trace:
[31-Oct-2018 04:04:02 UTC] PHP   1. {main}() /home/ubuntu/workspace/module08/logout.php:0
[31-Oct-2018 04:04:02 UTC] PHP   2. session_destroy() /home/ubuntu/workspace/module08/logout.php:4
[31-Oct-2018 04:04:02 UTC] PHP Warning:  include(sql-close.inc.php): failed to open stream: No such file or directory in /home/ubuntu/workspace/module08/logout.php on line 17
[31-Oct-2018 04:04:02 UTC] PHP Stack trace:
[31-Oct-2018 04:04:02 UTC] PHP   1. {main}() /home/ubuntu/workspace/module08/logout.php:0
[31-Oct-2018 04:04:02 UTC] PHP Warning:  include(): Failed opening 'sql-close.inc.php' for inclusion (include_path='.:/usr/share/php:/usr/share/pear') in /home/ubuntu/workspace/module08/logout.php on line 17
[31-Oct-2018 04:04:02 UTC] PHP Stack trace:
[31-Oct-2018 04:04:02 UTC] PHP   1. {main}() /home/ubuntu/workspace/module08/logout.php:0
[31-Oct-2018 04:04:22 UTC] PHP Fatal error:  Call to undefined method mysqli_stmt::bind_params() in /home/ubuntu/workspace/module08/SQLConnect.inc.php on line 20
[31-Oct-2018 04:04:22 UTC] PHP Stack trace:
[31-Oct-2018 04:04:22 UTC] PHP   1. {main}() /home/ubuntu/workspace/module08/main.php:0
[31-Oct-2018 04:04:22 UTC] PHP   2. include() /home/ubuntu/workspace/module08/main.php:2
[31-Oct-2018 04:05:15 UTC] PHP Fatal error:  Call to a member function execute() on a non-object in /home/ubuntu/workspace/module08/main.php on line 25
[31-Oct-2018 04:05:15 UTC] PHP Stack trace:
[31-Oct-2018 04:05:15 UTC] PHP   1. {main}() /home/ubuntu/workspace/module08/main.php:0
[04-Nov-2018 02:01:45 UTC] PHP Parse error:  syntax error, unexpected '->' (T_OBJECT_OPERATOR) in /home/ubuntu/workspace/module08/edit_add.php on line 24
[04-Nov-2018 02:15:59 UTC] PHP Parse error:  syntax error, unexpected 'print' (T_PRINT) in /home/ubuntu/workspace/module08/main.php on line 56
[04-Nov-2018 02:17:44 UTC] PHP Fatal error:  Call to undefined function result() in /home/ubuntu/workspace/module08/edit_add.php on line 30
[04-Nov-2018 02:17:44 UTC] PHP Stack trace:
[04-Nov-2018 02:17:44 UTC] PHP   1. {main}() /home/ubuntu/workspace/module08/edit_add.php:0
[04-Nov-2018 02:18:46 UTC] PHP Fatal error:  Call to a member function bind_result() on a non-object in /home/ubuntu/workspace/module08/edit_add.php on line 30
[04-Nov-2018 02:18:46 UTC] PHP Stack trace:
[04-Nov-2018 02:18:46 UTC] PHP   1. {main}() /home/ubuntu/workspace/module08/edit_add.php:0
[04-Nov-2018 02:20:02 UTC] PHP Fatal error:  Call to a member function fetch() on a non-object in /home/ubuntu/workspace/module08/edit_add.php on line 32
[04-Nov-2018 02:20:02 UTC] PHP Stack trace:
[04-Nov-2018 02:20:02 UTC] PHP   1. {main}() /home/ubuntu/workspace/module08/edit_add.php:0
[04-Nov-2018 02:34:33 UTC] PHP Parse error:  syntax error, unexpected '"', expecting identifier (T_STRING) in /home/ubuntu/workspace/module08/edit_add.php on line 67
[04-Nov-2018 02:35:40 UTC] PHP Parse error:  syntax error, unexpected '' ?> ></td>' (T_ENCAPSED_AND_WHITESPACE) in /home/ubuntu/workspace/module08/edit_add.php on line 67
[04-Nov-2018 03:30:45 UTC] PHP Fatal error:  Call to a member function bind_param() on a non-object in /home/ubuntu/workspace/module08/insert_update.php on line 37
[04-Nov-2018 03:30:45 UTC] PHP Stack trace:
[04-Nov-2018 03:30:45 UTC] PHP   1. {main}() /home/ubuntu/workspace/module08/insert_update.php:0
[04-Nov-2018 03:34:34 UTC] PHP Fatal error:  Call to a member function bind_param() on a non-object in /home/ubuntu/workspace/module08/insert_update.php on line 37
[04-Nov-2018 03:34:34 UTC] PHP Stack trace:
[04-Nov-2018 03:34:34 UTC] PHP   1. {main}() /home/ubuntu/workspace/module08/insert_update.php:0
[04-Nov-2018 03:35:11 UTC] PHP Fatal error:  Call to a member function bind_param() on a non-object in /home/ubuntu/workspace/module08/insert_update.php on line 37
[04-Nov-2018 03:35:11 UTC] PHP Stack trace:
[04-Nov-2018 03:35:11 UTC] PHP   1. {main}() /home/ubuntu/workspace/module08/insert_update.php:0
[04-Nov-2018 03:41:00 UTC] PHP Fatal error:  Call to a member function bind_param() on a non-object in /home/ubuntu/workspace/module08/insert_update.php on line 31
[04-Nov-2018 03:41:00 UTC] PHP Stack trace:
[04-Nov-2018 03:41:00 UTC] PHP   1. {main}() /home/ubuntu/workspace/module08/insert_update.php:0
[04-Nov-2018 03:44:06 UTC] PHP Catchable fatal error:  Object of class mysqli could not be converted to string in /home/ubuntu/workspace/module08/insert_update.php on line 15
[04-Nov-2018 03:44:06 UTC] PHP Stack trace:
[04-Nov-2018 03:44:06 UTC] PHP   1. {main}() /home/ubuntu/workspace/module08/insert_update.php:0
[04-Nov-2018 03:44:25 UTC] PHP Parse error:  syntax error, unexpected '$myconn' (T_VARIABLE) in /home/ubuntu/workspace/module08/insert_update.php on line 15
[04-Nov-2018 03:46:17 UTC] PHP Fatal error:  Call to a member function bind_param() on a non-object in /home/ubuntu/workspace/module08/insert_update.php on line 33
[04-Nov-2018 03:46:17 UTC] PHP Stack trace:
[04-Nov-2018 03:46:17 UTC] PHP   1. {main}() /home/ubuntu/workspace/module08/insert_update.php:0
[04-Nov-2018 03:51:53 UTC] PHP Fatal error:  Call to a member function execute() on a non-object in /home/ubuntu/workspace/module08/insert_update.php on line 47
[04-Nov-2018 03:51:53 UTC] PHP Stack trace:
[04-Nov-2018 03:51:53 UTC] PHP   1. {main}() /home/ubuntu/workspace/module08/insert_update.php:0
[05-Nov-2018 01:50:36 UTC] PHP Fatal error:  Call to a member function bind_param() on a non-object in /home/ubuntu/workspace/module08/insert_update.php on line 34
[05-Nov-2018 01:50:36 UTC] PHP Stack trace:
[05-Nov-2018 01:50:36 UTC] PHP   1. {main}() /home/ubuntu/workspace/module08/insert_update.php:0
[05-Nov-2018 01:53:26 UTC] PHP Catchable fatal error:  Object of class mysqli_stmt could not be converted to string in /home/ubuntu/workspace/module08/insert_update.php on line 48
[05-Nov-2018 01:53:26 UTC] PHP Stack trace:
[05-Nov-2018 01:53:26 UTC] PHP   1. {main}() /home/ubuntu/workspace/module08/insert_update.php:0
[05-Nov-2018 02:19:35 UTC] PHP Warning:  include(sql-open.inc.php): failed to open stream: No such file or directory in /home/ubuntu/workspace/module08/logout.php on line 2
[05-Nov-2018 02:19:35 UTC] PHP Stack trace:
[05-Nov-2018 02:19:35 UTC] PHP   1. {main}() /home/ubuntu/workspace/module08/logout.php:0
[05-Nov-2018 02:19:35 UTC] PHP Warning:  include(): Failed opening 'sql-open.inc.php' for inclusion (include_path='.:/usr/share/php:/usr/share/pear') in /home/ubuntu/workspace/module08/logout.php on line 2
[05-Nov-2018 02:19:35 UTC] PHP Stack trace:
[05-Nov-2018 02:19:35 UTC] PHP   1. {main}() /home/ubuntu/workspace/module08/logout.php:0
[05-Nov-2018 02:19:35 UTC] PHP Warning:  session_destroy(): Trying to destroy uninitialized session in /home/ubuntu/workspace/module08/logout.php on line 4
[05-Nov-2018 02:19:35 UTC] PHP Stack trace:
[05-Nov-2018 02:19:35 UTC] PHP   1. {main}() /home/ubuntu/workspace/module08/logout.php:0
[05-Nov-2018 02:19:35 UTC] PHP   2. session_destroy() /home/ubuntu/workspace/module08/logout.php:4
[05-Nov-2018 02:19:35 UTC] PHP Warning:  include(sql-close.inc.php): failed to open stream: No such file or directory in /home/ubuntu/workspace/module08/logout.php on line 17
[05-Nov-2018 02:19:35 UTC] PHP Stack trace:
[05-Nov-2018 02:19:35 UTC] PHP   1. {main}() /home/ubuntu/workspace/module08/logout.php:0
[05-Nov-2018 02:19:35 UTC] PHP Warning:  include(): Failed opening 'sql-close.inc.php' for inclusion (include_path='.:/usr/share/php:/usr/share/pear') in /home/ubuntu/workspace/module08/logout.php on line 17
[05-Nov-2018 02:19:35 UTC] PHP Stack trace:
[05-Nov-2018 02:19:35 UTC] PHP   1. {main}() /home/ubuntu/workspace/module08/logout.php:0
[05-Nov-2018 02:19:38 UTC] PHP Warning:  include(sql-open.inc.php): failed to open stream: No such file or directory in /home/ubuntu/workspace/module08/logout.php on line 2
[05-Nov-2018 02:19:38 UTC] PHP Stack trace:
[05-Nov-2018 02:19:38 UTC] PHP   1. {main}() /home/ubuntu/workspace/module08/logout.php:0
[05-Nov-2018 02:19:38 UTC] PHP Warning:  include(): Failed opening 'sql-open.inc.php' for inclusion (include_path='.:/usr/share/php:/usr/share/pear') in /home/ubuntu/workspace/module08/logout.php on line 2
[05-Nov-2018 02:19:38 UTC] PHP Stack trace:
[05-Nov-2018 02:19:38 UTC] PHP   1. {main}() /home/ubuntu/workspace/module08/logout.php:0
[05-Nov-2018 02:19:38 UTC] PHP Warning:  session_destroy(): Trying to destroy uninitialized session in /home/ubuntu/workspace/module08/logout.php on line 4
[05-Nov-2018 02:19:38 UTC] PHP Stack trace:
[05-Nov-2018 02:19:38 UTC] PHP   1. {main}() /home/ubuntu/workspace/module08/logout.php:0
[05-Nov-2018 02:19:38 UTC] PHP   2. session_destroy() /home/ubuntu/workspace/module08/logout.php:4
[05-Nov-2018 02:19:38 UTC] PHP Warning:  include(sql-close.inc.php): failed to open stream: No such file or directory in /home/ubuntu/workspace/module08/logout.php on line 17
[05-Nov-2018 02:19:38 UTC] PHP Stack trace:
[05-Nov-2018 02:19:38 UTC] PHP   1. {main}() /home/ubuntu/workspace/module08/logout.php:0
[05-Nov-2018 02:19:38 UTC] PHP Warning:  include(): Failed opening 'sql-close.inc.php' for inclusion (include_path='.:/usr/share/php:/usr/share/pear') in /home/ubuntu/workspace/module08/logout.php on line 17
[05-Nov-2018 02:19:38 UTC] PHP Stack trace:
[05-Nov-2018 02:19:38 UTC] PHP   1. {main}() /home/ubuntu/workspace/module08/logout.php:0
[05-Nov-2018 02:20:08 UTC] PHP Warning:  include(sql-open.inc.php): failed to open stream: No such file or directory in /home/ubuntu/workspace/module08/logout.php on line 2
[05-Nov-2018 02:20:08 UTC] PHP Stack trace:
[05-Nov-2018 02:20:08 UTC] PHP   1. {main}() /home/ubuntu/workspace/module08/logout.php:0
[05-Nov-2018 02:20:08 UTC] PHP Warning:  include(): Failed opening 'sql-open.inc.php' for inclusion (include_path='.:/usr/share/php:/usr/share/pear') in /home/ubuntu/workspace/module08/logout.php on line 2
[05-Nov-2018 02:20:08 UTC] PHP Stack trace:
[05-Nov-2018 02:20:08 UTC] PHP   1. {main}() /home/ubuntu/workspace/module08/logout.php:0
[05-Nov-2018 02:20:08 UTC] PHP Warning:  session_destroy(): Trying to destroy uninitialized session in /home/ubuntu/workspace/module08/logout.php on line 4
[05-Nov-2018 02:20:08 UTC] PHP Stack trace:
[05-Nov-2018 02:20:08 UTC] PHP   1. {main}() /home/ubuntu/workspace/module08/logout.php:0
[05-Nov-2018 02:20:08 UTC] PHP   2. session_destroy() /home/ubuntu/workspace/module08/logout.php:4
[05-Nov-2018 02:20:08 UTC] PHP Warning:  include(sql-close.inc.php): failed to open stream: No such file or directory in /home/ubuntu/workspace/module08/logout.php on line 17
[05-Nov-2018 02:20:08 UTC] PHP Stack trace:
[05-Nov-2018 02:20:08 UTC] PHP   1. {main}() /home/ubuntu/workspace/module08/logout.php:0
[05-Nov-2018 02:20:08 UTC] PHP Warning:  include(): Failed opening 'sql-close.inc.php' for inclusion (include_path='.:/usr/share/php:/usr/share/pear') in /home/ubuntu/workspace/module08/logout.php on line 17
[05-Nov-2018 02:20:08 UTC] PHP Stack trace:
[05-Nov-2018 02:20:08 UTC] PHP   1. {main}() /home/ubuntu/workspace/module08/logout.php:0
[05-Nov-2018 02:43:06 UTC] PHP Warning:  include(sql-open.inc.php): failed to open stream: No such file or directory in /home/ubuntu/workspace/module08/logout.php on line 2
[05-Nov-2018 02:43:06 UTC] PHP Stack trace:
[05-Nov-2018 02:43:06 UTC] PHP   1. {main}() /home/ubuntu/workspace/module08/logout.php:0
[05-Nov-2018 02:43:06 UTC] PHP Warning:  include(): Failed opening 'sql-open.inc.php' for inclusion (include_path='.:/usr/share/php:/usr/share/pear') in /home/ubuntu/workspace/module08/logout.php on line 2
[05-Nov-2018 02:43:06 UTC] PHP Stack trace:
[05-Nov-2018 02:43:06 UTC] PHP   1. {main}() /home/ubuntu/workspace/module08/logout.php:0
[05-Nov-2018 02:43:06 UTC] PHP Warning:  session_destroy(): Trying to destroy uninitialized session in /home/ubuntu/workspace/module08/logout.php on line 4
[05-Nov-2018 02:43:06 UTC] PHP Stack trace:
[05-Nov-2018 02:43:06 UTC] PHP   1. {main}() /home/ubuntu/workspace/module08/logout.php:0
[05-Nov-2018 02:43:06 UTC] PHP   2. session_destroy() /home/ubuntu/workspace/module08/logout.php:4
[05-Nov-2018 02:43:06 UTC] PHP Warning:  include(sql-close.inc.php): failed to open stream: No such file or directory in /home/ubuntu/workspace/module08/logout.php on line 17
[05-Nov-2018 02:43:06 UTC] PHP Stack trace:
[05-Nov-2018 02:43:06 UTC] PHP   1. {main}() /home/ubuntu/workspace/module08/logout.php:0
[05-Nov-2018 02:43:06 UTC] PHP Warning:  include(): Failed opening 'sql-close.inc.php' for inclusion (include_path='.:/usr/share/php:/usr/share/pear') in /home/ubuntu/workspace/module08/logout.php on line 17
[05-Nov-2018 02:43:06 UTC] PHP Stack trace:
[05-Nov-2018 02:43:06 UTC] PHP   1. {main}() /home/ubuntu/workspace/module08/logout.php:0
[05-Nov-2018 02:43:17 UTC] PHP Parse error:  syntax error, unexpected '?' in /home/ubuntu/workspace/module08/SQLDisconnect.inc.php on line 3
[05-Nov-2018 02:43:17 UTC] PHP Stack trace:
[05-Nov-2018 02:43:17 UTC] PHP   1. {main}() /home/ubuntu/workspace/module08/main.php:0
[05-Nov-2018 02:44:59 UTC] PHP Warning:  include(sql-open.inc.php): failed to open stream: No such file or directory in /home/ubuntu/workspace/module08/logout.php on line 2
[05-Nov-2018 02:44:59 UTC] PHP Stack trace:
[05-Nov-2018 02:44:59 UTC] PHP   1. {main}() /home/ubuntu/workspace/module08/logout.php:0
[05-Nov-2018 02:44:59 UTC] PHP Warning:  include(): Failed opening 'sql-open.inc.php' for inclusion (include_path='.:/usr/share/php:/usr/share/pear') in /home/ubuntu/workspace/module08/logout.php on line 2
[05-Nov-2018 02:44:59 UTC] PHP Stack trace:
[05-Nov-2018 02:44:59 UTC] PHP   1. {main}() /home/ubuntu/workspace/module08/logout.php:0
[05-Nov-2018 02:44:59 UTC] PHP Warning:  session_destroy(): Trying to destroy uninitialized session in /home/ubuntu/workspace/module08/logout.php on line 3
[05-Nov-2018 02:44:59 UTC] PHP Stack trace:
[05-Nov-2018 02:44:59 UTC] PHP   1. {main}() /home/ubuntu/workspace/module08/logout.php:0
[05-Nov-2018 02:44:59 UTC] PHP   2. session_destroy() /home/ubuntu/workspace/module08/logout.php:3
[05-Nov-2018 02:44:59 UTC] PHP Warning:  include(sql-close.inc.php): failed to open stream: No such file or directory in /home/ubuntu/workspace/module08/logout.php on line 18
[05-Nov-2018 02:44:59 UTC] PHP Stack trace:
[05-Nov-2018 02:44:59 UTC] PHP   1. {main}() /home/ubuntu/workspace/module08/logout.php:0
[05-Nov-2018 02:44:59 UTC] PHP Warning:  include(): Failed opening 'sql-close.inc.php' for inclusion (include_path='.:/usr/share/php:/usr/share/pear') in /home/ubuntu/workspace/module08/logout.php on line 18
[05-Nov-2018 02:44:59 UTC] PHP Stack trace:
[05-Nov-2018 02:44:59 UTC] PHP   1. {main}() /home/ubuntu/workspace/module08/logout.php:0
[05-Nov-2018 02:45:35 UTC] PHP Parse error:  syntax error, unexpected '?' in /home/ubuntu/workspace/module08/SQLDisconnect.inc.php on line 3
[05-Nov-2018 02:45:35 UTC] PHP Stack trace:
[05-Nov-2018 02:45:35 UTC] PHP   1. {main}() /home/ubuntu/workspace/module08/logout.php:0
[05-Nov-2018 02:46:56 UTC] PHP Warning:  include(sql-close.inc.php): failed to open stream: No such file or directory in /home/ubuntu/workspace/module08/logout.php on line 18
[05-Nov-2018 02:46:56 UTC] PHP Stack trace:
[05-Nov-2018 02:46:56 UTC] PHP   1. {main}() /home/ubuntu/workspace/module08/logout.php:0
[05-Nov-2018 02:46:56 UTC] PHP Warning:  include(): Failed opening 'sql-close.inc.php' for inclusion (include_path='.:/usr/share/php:/usr/share/pear') in /home/ubuntu/workspace/module08/logout.php on line 18
[05-Nov-2018 02:46:56 UTC] PHP Stack trace:
[05-Nov-2018 02:46:56 UTC] PHP   1. {main}() /home/ubuntu/workspace/module08/logout.php:0
[05-Nov-2018 02:47:56 UTC] PHP Parse error:  syntax error, unexpected '?' in /home/ubuntu/workspace/module08/SQLDisconnect.inc.php on line 3
[05-Nov-2018 02:47:56 UTC] PHP Stack trace:
[05-Nov-2018 02:47:56 UTC] PHP   1. {main}() /home/ubuntu/workspace/module08/main.php:0
[05-Nov-2018 15:57:18 UTC] PHP Parse error:  syntax error, unexpected '<' in /home/ubuntu/workspace/module08/insert_update.php on line 77
[05-Nov-2018 15:58:15 UTC] PHP Fatal error:  Call to a member function bind_param() on a non-object in /home/ubuntu/workspace/module08/insert_update.php on line 58
[05-Nov-2018 15:58:15 UTC] PHP Stack trace:
[05-Nov-2018 15:58:15 UTC] PHP   1. {main}() /home/ubuntu/workspace/module08/insert_update.php:0
[05-Nov-2018 15:58:45 UTC] PHP Fatal error:  Call to a member function bind_param() on a non-object in /home/ubuntu/workspace/module08/insert_update.php on line 58
[05-Nov-2018 15:58:45 UTC] PHP Stack trace:
[05-Nov-2018 15:58:45 UTC] PHP   1. {main}() /home/ubuntu/workspace/module08/insert_update.php:0
[05-Nov-2018 16:04:11 UTC] PHP Parse error:  syntax error, unexpected '$statement' (T_VARIABLE) in /home/ubuntu/workspace/module08/delete.php on line 29
[05-Nov-2018 16:06:15 UTC] PHP Parse error:  syntax error, unexpected '$statement' (T_VARIABLE) in /home/ubuntu/workspace/module08/delete.php on line 29
[05-Nov-2018 16:06:38 UTC] PHP Fatal error:  Call to a member function close() on a non-object in /home/ubuntu/workspace/module08/delete.php on line 29
[05-Nov-2018 16:06:38 UTC] PHP Stack trace:
[05-Nov-2018 16:06:38 UTC] PHP   1. {main}() /home/ubuntu/workspace/module08/delete.php:0
[05-Nov-2018 16:08:17 UTC] PHP Fatal error:  Call to a member function close() on a non-object in /home/ubuntu/workspace/module08/delete.php on line 27
[05-Nov-2018 16:08:17 UTC] PHP Stack trace:
[05-Nov-2018 16:08:17 UTC] PHP   1. {main}() /home/ubuntu/workspace/module08/delete.php:0
[05-Nov-2018 17:01:46 UTC] PHP Parse error:  syntax error, unexpected '}' in /home/ubuntu/workspace/module08/delete.php on line 35
[09-Nov-2018 01:47:22 UTC] PHP Warning:  mysqli::mysqli(): php_network_getaddresses: getaddrinfo failed: Name or service not known in /home/ubuntu/workspace/module08.1/SQLConnect.inc.php on line 14
[09-Nov-2018 01:47:22 UTC] PHP Stack trace:
[09-Nov-2018 01:47:22 UTC] PHP   1. {main}() /home/ubuntu/workspace/module08.1/main.php:0
[09-Nov-2018 01:47:22 UTC] PHP   2. include() /home/ubuntu/workspace/module08.1/main.php:3
[09-Nov-2018 01:47:22 UTC] PHP   3. mysqli->mysqli() /home/ubuntu/workspace/module08.1/SQLConnect.inc.php:14
[09-Nov-2018 01:47:22 UTC] PHP Fatal error:  Call to a member function prepare() on a non-object in /home/ubuntu/workspace/module08.1/SQLConnect.inc.php on line 30
[09-Nov-2018 01:47:22 UTC] PHP Stack trace:
[09-Nov-2018 01:47:22 UTC] PHP   1. {main}() /home/ubuntu/workspace/module08.1/main.php:0
[09-Nov-2018 01:47:22 UTC] PHP   2. include() /home/ubuntu/workspace/module08.1/main.php:3
[09-Nov-2018 01:47:50 UTC] PHP Warning:  mysqli::mysqli(): php_network_getaddresses: getaddrinfo failed: Name or service not known in /home/ubuntu/workspace/module08.1/SQLConnect.inc.php on line 14
[09-Nov-2018 01:47:50 UTC] PHP Stack trace:
[09-Nov-2018 01:47:50 UTC] PHP   1. {main}() /home/ubuntu/workspace/module08.1/main.php:0
[09-Nov-2018 01:47:50 UTC] PHP   2. include() /home/ubuntu/workspace/module08.1/main.php:3
[09-Nov-2018 01:47:50 UTC] PHP   3. mysqli->mysqli() /home/ubuntu/workspace/module08.1/SQLConnect.inc.php:14
[09-Nov-2018 01:47:50 UTC] PHP Fatal error:  Call to a member function prepare() on a non-object in /home/ubuntu/workspace/module08.1/SQLConnect.inc.php on line 30
[09-Nov-2018 01:47:50 UTC] PHP Stack trace:
[09-Nov-2018 01:47:50 UTC] PHP   1. {main}() /home/ubuntu/workspace/module08.1/main.php:0
[09-Nov-2018 01:47:50 UTC] PHP   2. include() /home/ubuntu/workspace/module08.1/main.php:3
[09-Nov-2018 01:48:06 UTC] PHP Warning:  mysqli::mysqli(): php_network_getaddresses: getaddrinfo failed: Name or service not known in /home/ubuntu/workspace/module08.1/SQLConnect.inc.php on line 14
[09-Nov-2018 01:48:06 UTC] PHP Stack trace:
[09-Nov-2018 01:48:06 UTC] PHP   1. {main}() /home/ubuntu/workspace/module08.1/main.php:0
[09-Nov-2018 01:48:06 UTC] PHP   2. include() /home/ubuntu/workspace/module08.1/main.php:3
[09-Nov-2018 01:48:06 UTC] PHP   3. mysqli->mysqli() /home/ubuntu/workspace/module08.1/SQLConnect.inc.php:14
[09-Nov-2018 01:48:06 UTC] PHP Fatal error:  Call to a member function prepare() on a non-object in /home/ubuntu/workspace/module08.1/SQLConnect.inc.php on line 30
[09-Nov-2018 01:48:06 UTC] PHP Stack trace:
[09-Nov-2018 01:48:06 UTC] PHP   1. {main}() /home/ubuntu/workspace/module08.1/main.php:0
[09-Nov-2018 01:48:06 UTC] PHP   2. include() /home/ubuntu/workspace/module08.1/main.php:3
[09-Nov-2018 01:48:10 UTC] PHP Warning:  mysqli::mysqli(): php_network_getaddresses: getaddrinfo failed: Name or service not known in /home/ubuntu/workspace/module08.1/SQLConnect.inc.php on line 14
[09-Nov-2018 01:48:10 UTC] PHP Stack trace:
[09-Nov-2018 01:48:10 UTC] PHP   1. {main}() /home/ubuntu/workspace/module08.1/main.php:0
[09-Nov-2018 01:48:10 UTC] PHP   2. include() /home/ubuntu/workspace/module08.1/main.php:3
[09-Nov-2018 01:48:10 UTC] PHP   3. mysqli->mysqli() /home/ubuntu/workspace/module08.1/SQLConnect.inc.php:14
[09-Nov-2018 01:48:10 UTC] PHP Fatal error:  Call to a member function prepare() on a non-object in /home/ubuntu/workspace/module08.1/SQLConnect.inc.php on line 30
[09-Nov-2018 01:48:10 UTC] PHP Stack trace:
[09-Nov-2018 01:48:10 UTC] PHP   1. {main}() /home/ubuntu/workspace/module08.1/main.php:0
[09-Nov-2018 01:48:10 UTC] PHP   2. include() /home/ubuntu/workspace/module08.1/main.php:3
[09-Nov-2018 01:49:07 UTC] PHP Fatal error:  Call to a member function prepare() on a non-object in /home/ubuntu/workspace/module08.1/SQLConnect.inc.php on line 30
[09-Nov-2018 01:49:07 UTC] PHP Stack trace:
[09-Nov-2018 01:49:07 UTC] PHP   1. {main}() /home/ubuntu/workspace/module08.1/main.php:0
[09-Nov-2018 01:49:07 UTC] PHP   2. include() /home/ubuntu/workspace/module08.1/main.php:3
[09-Nov-2018 03:32:19 UTC] PHP Warning:  Division by zero in /home/ubuntu/workspace/module08.1/SQLConnect.inc.php on line 15
[09-Nov-2018 03:32:19 UTC] PHP Stack trace:
[09-Nov-2018 03:32:19 UTC] PHP   1. {main}() /home/ubuntu/workspace/module08.1/main.php:0
[09-Nov-2018 03:32:19 UTC] PHP   2. include() /home/ubuntu/workspace/module08.1/main.php:3
[09-Nov-2018 03:32:39 UTC] PHP Warning:  Division by zero in /home/ubuntu/workspace/module08.1/SQLConnect.inc.php on line 15
[09-Nov-2018 03:32:39 UTC] PHP Stack trace:
[09-Nov-2018 03:32:39 UTC] PHP   1. {main}() /home/ubuntu/workspace/module08.1/logout.php:0
[09-Nov-2018 03:32:39 UTC] PHP   2. include() /home/ubuntu/workspace/module08.1/logout.php:2
[09-Nov-2018 04:11:08 UTC] PHP Warning:  Division by zero in /home/ubuntu/workspace/module08.1/SQLConnect.inc.php on line 15
[09-Nov-2018 04:11:08 UTC] PHP Stack trace:
[09-Nov-2018 04:11:08 UTC] PHP   1. {main}() /home/ubuntu/workspace/module08.1/logout.php:0
[09-Nov-2018 04:11:08 UTC] PHP   2. include() /home/ubuntu/workspace/module08.1/logout.php:2
[09-Nov-2018 04:11:10 UTC] PHP Warning:  Division by zero in /home/ubuntu/workspace/module08.1/SQLConnect.inc.php on line 15
[09-Nov-2018 04:11:10 UTC] PHP Stack trace:
[09-Nov-2018 04:11:10 UTC] PHP   1. {main}() /home/ubuntu/workspace/module08.1/main.php:0
[09-Nov-2018 04:11:10 UTC] PHP   2. include() /home/ubuntu/workspace/module08.1/main.php:3
[09-Nov-2018 04:11:12 UTC] PHP Warning:  Division by zero in /home/ubuntu/workspace/module08.1/SQLConnect.inc.php on line 15
[09-Nov-2018 04:11:12 UTC] PHP Stack trace:
[09-Nov-2018 04:11:12 UTC] PHP   1. {main}() /home/ubuntu/workspace/module08.1/main.php:0
[09-Nov-2018 04:11:12 UTC] PHP   2. include() /home/ubuntu/workspace/module08.1/main.php:3
[09-Nov-2018 04:11:17 UTC] PHP Warning:  Division by zero in /home/ubuntu/workspace/module08.1/SQLConnect.inc.php on line 15
[09-Nov-2018 04:11:17 UTC] PHP Stack trace:
[09-Nov-2018 04:11:17 UTC] PHP   1. {main}() /home/ubuntu/workspace/module08.1/main.php:0
[09-Nov-2018 04:11:17 UTC] PHP   2. include() /home/ubuntu/workspace/module08.1/main.php:3
[09-Nov-2018 04:18:44 UTC] PHP Fatal error:  Call to undefined method mysqli_stmt::ind_param() in /home/ubuntu/workspace/module08.1/SQLConnect.inc.php on line 36
[09-Nov-2018 04:18:44 UTC] PHP Stack trace:
[09-Nov-2018 04:18:44 UTC] PHP   1. {main}() /home/ubuntu/workspace/module08.1/main.php:0
[09-Nov-2018 04:18:44 UTC] PHP   2. include() /home/ubuntu/workspace/module08.1/main.php:3
[09-Nov-2018 04:22:08 UTC] PHP Warning:  include(Custom_error.inc.php): failed to open stream: No such file or directory in /home/ubuntu/workspace/module08.1/main.php on line 3
[09-Nov-2018 04:22:08 UTC] PHP Stack trace:
[09-Nov-2018 04:22:08 UTC] PHP   1. {main}() /home/ubuntu/workspace/module08.1/main.php:0
[09-Nov-2018 04:22:08 UTC] PHP Warning:  include(): Failed opening 'Custom_error.inc.php' for inclusion (include_path='.:/usr/share/php:/usr/share/pear') in /home/ubuntu/workspace/module08.1/main.php on line 3
[09-Nov-2018 04:22:08 UTC] PHP Stack trace:
[09-Nov-2018 04:22:08 UTC] PHP   1. {main}() /home/ubuntu/workspace/module08.1/main.php:0
[09-Nov-2018 04:23:39 UTC] PHP Fatal error:  Call to undefined method mysqli_stmt::bnd_param() in /home/ubuntu/workspace/module08.1/SQLConnect.inc.php on line 36
[09-Nov-2018 04:23:39 UTC] PHP Stack trace:
[09-Nov-2018 04:23:39 UTC] PHP   1. {main}() /home/ubuntu/workspace/module08.1/main.php:0
[09-Nov-2018 04:23:39 UTC] PHP   2. include() /home/ubuntu/workspace/module08.1/main.php:4
[09-Nov-2018 04:26:02 UTC] PHP Notice:  Use of undefined constant error_reporting - assumed 'error_reporting' in /home/ubuntu/workspace/module08.1/custom_error.inc.php on line 6
[09-Nov-2018 04:26:02 UTC] PHP Stack trace:
[09-Nov-2018 04:26:02 UTC] PHP   1. {main}() /home/ubuntu/workspace/module08.1/main.php:0
[09-Nov-2018 04:26:02 UTC] PHP   2. include() /home/ubuntu/workspace/module08.1/main.php:4
[09-Nov-2018 04:26:02 UTC] PHP   3. myCustomHandler() /home/ubuntu/workspace/module08.1/main.php:34
[09-Nov-2018 04:26:02 UTC] PHP Warning:  Division by zero in /home/ubuntu/workspace/module08.1/SQLConnect.inc.php on line 34
[09-Nov-2018 04:26:02 UTC] PHP Stack trace:
[09-Nov-2018 04:26:02 UTC] PHP   1. {main}() /home/ubuntu/workspace/module08.1/main.php:0
[09-Nov-2018 04:26:02 UTC] PHP   2. include() /home/ubuntu/workspace/module08.1/main.php:4
[09-Nov-2018 04:26:25 UTC] PHP Notice:  Use of undefined constant error_reporting - assumed 'error_reporting' in /home/ubuntu/workspace/module08.1/custom_error.inc.php on line 6
[09-Nov-2018 04:26:25 UTC] PHP Stack trace:
[09-Nov-2018 04:26:25 UTC] PHP   1. {main}() /home/ubuntu/workspace/module08.1/main.php:0
[09-Nov-2018 04:26:25 UTC] PHP   2. include() /home/ubuntu/workspace/module08.1/main.php:4
[09-Nov-2018 04:26:25 UTC] PHP   3. myCustomHandler() /home/ubuntu/workspace/module08.1/main.php:34
[09-Nov-2018 04:26:25 UTC] PHP Warning:  Division by zero in /home/ubuntu/workspace/module08.1/SQLConnect.inc.php on line 34
[09-Nov-2018 04:26:25 UTC] PHP Stack trace:
[09-Nov-2018 04:26:25 UTC] PHP   1. {main}() /home/ubuntu/workspace/module08.1/main.php:0
[09-Nov-2018 04:26:25 UTC] PHP   2. include() /home/ubuntu/workspace/module08.1/main.php:4
[09-Nov-2018 04:27:37 UTC] PHP Fatal error:  Call to undefined method mysqli_stmt::bin_param() in /home/ubuntu/workspace/module08.1/SQLConnect.inc.php on line 38
[09-Nov-2018 04:27:37 UTC] PHP Stack trace:
[09-Nov-2018 04:27:37 UTC] PHP   1. {main}() /home/ubuntu/workspace/module08.1/main.php:0
[09-Nov-2018 04:27:37 UTC] PHP   2. include() /home/ubuntu/workspace/module08.1/main.php:4
[09-Nov-2018 04:29:06 UTC] PHP Parse error:  syntax error, unexpected 'exit' (T_EXIT) in /home/ubuntu/workspace/module08.1/SQLConnect.inc.php on line 69
[09-Nov-2018 04:29:06 UTC] PHP Stack trace:
[09-Nov-2018 04:29:06 UTC] PHP   1. {main}() /home/ubuntu/workspace/module08.1/main.php:0
